<?xml version="1.0" encoding="UTF-8"?>
<!-- Generated by org.testng.reporters.JUnitReportReporter -->
<testsuite hostname="LAPTOP-F512E469" failures="0" tests="1" name="testCases.TC0001_RegisterAcntTest" time="3.039" errors="0" timestamp="2025-02-17T11:28:12 IST" skipped="0">
  <testcase classname="testCases.TC0001_RegisterAcntTest" name="createAcnt" time="3.039"/>
  <system-out/>
</testsuite> <!-- testCases.TC0001_RegisterAcntTest -->
