<?xml version="1.0" encoding="UTF-8"?>
<!-- Generated by org.testng.reporters.JUnitReportReporter -->
<testsuite hostname="LAPTOP-F512E469" failures="0" tests="1" name="testCases.TC0001_CreateAcntTest" time="2.300" errors="0" timestamp="2025-01-25T12:24:53 IST" skipped="0">
  <testcase classname="testCases.TC0001_CreateAcntTest" name="createAcnt" time="2.300"/>
  <system-out/>
</testsuite> <!-- testCases.TC0001_CreateAcntTest -->
