<?xml version="1.0" encoding="UTF-8"?>
<!-- Generated by org.testng.reporters.JUnitReportReporter -->
<testsuite hostname="LAPTOP-F512E469" failures="0" tests="5" name="testCases.TC0003_LoginDDTest" time="40.375" errors="0" timestamp="2025-01-25T15:45:47 IST" skipped="0">
  <testcase classname="testCases.TC0003_LoginDDTest" name="verifyLoginDDT" time="11.428"/>
  <system-out/>
  <testcase classname="testCases.TC0003_LoginDDTest" name="verifyLoginDDT" time="11.467"/>
  <system-out/>
  <testcase classname="testCases.TC0003_LoginDDTest" name="verifyLoginDDT" time="3.103"/>
  <system-out/>
  <testcase classname="testCases.TC0003_LoginDDTest" name="verifyLoginDDT" time="11.333"/>
  <system-out/>
  <testcase classname="testCases.TC0003_LoginDDTest" name="verifyLoginDDT" time="3.044"/>
  <system-out/>
</testsuite> <!-- testCases.TC0003_LoginDDTest -->
