<?xml version="1.0" encoding="UTF-8"?>
<!-- Generated by org.testng.reporters.JUnitReportReporter -->
<testsuite hostname="LAPTOP-F512E469" failures="0" tests="1" name="testCases.TC0001_HomePage" time="3.795" errors="0" timestamp="2025-01-22T18:53:13 IST" skipped="0">
  <testcase classname="testCases.TC0001_HomePage" name="verifyHomePage" time="3.795"/>
  <system-out/>
</testsuite> <!-- testCases.TC0001_HomePage -->
