<?xml version="1.0" encoding="UTF-8"?>
<!-- Generated by org.testng.reporters.JUnitReportReporter -->
<testsuite hostname="LAPTOP-F512E469" failures="0" tests="1" name="testCases.TC0002_LoginPageTest" time="2.085" errors="0" timestamp="2025-02-17T11:41:51 IST" skipped="0">
  <testcase classname="testCases.TC0002_LoginPageTest" name="verifyLoginPage" time="2.085"/>
  <system-out/>
</testsuite> <!-- testCases.TC0002_LoginPageTest -->
